15 -- /home/luochensama/CLionProjects/webserver/Server.cpp:55
OKOK -- /home/luochensama/CLionProjects/webserver/Epoll.cpp:23
UriState 2 -- /home/luochensama/CLionProjects/webserver/HttpContext.cpp:159
HeaderState 0 -- /home/luochensama/CLionProjects/webserver/HttpContext.cpp:173
ConnectionState 0 -- /home/luochensama/CLionProjects/webserver/HttpContext.cpp:262
HeaderState 0 -- /home/luochensama/CLionProjects/webserver/HttpContext.cpp:173
ConnectionState 0 -- /home/luochensama/CLionProjects/webserver/HttpContext.cpp:262
HeaderState 0 -- /home/luochensama/CLionProjects/webserver/HttpContext.cpp:173
ConnectionState 0 -- /home/luochensama/CLionProjects/webserver/HttpContext.cpp:262
HeaderState 0 -- /home/luochensama/CLionProjects/webserver/HttpContext.cpp:173
ConnectionState 0 -- /home/luochensama/CLionProjects/webserver/HttpContext.cpp:262
HeaderState 0 -- /home/luochensama/CLionProjects/webserver/HttpContext.cpp:173
ConnectionState 0 -- /home/luochensama/CLionProjects/webserver/HttpContext.cpp:262
HeaderState 0 -- /home/luochensama/CLionProjects/webserver/HttpContext.cpp:173
ConnectionState 0 -- /home/luochensama/CLionProjects/webserver/HttpContext.cpp:262
HeaderState 0 -- /home/luochensama/CLionProjects/webserver/HttpContext.cpp:173
ConnectionState 0 -- /home/luochensama/CLionProjects/webserver/HttpContext.cpp:262
HeaderState 0 -- /home/luochensama/CLionProjects/webserver/HttpContext.cpp:173
ConnectionState 0 -- /home/luochensama/CLionProjects/webserver/HttpContext.cpp:262
HeaderState 0 -- /home/luochensama/CLionProjects/webserver/HttpContext.cpp:173
ConnectionState 0 -- /home/luochensama/CLionProjects/webserver/HttpContext.cpp:262
HeaderState 0 -- /home/luochensama/CLionProjects/webserver/HttpContext.cpp:173
ConnectionState 0 -- /home/luochensama/CLionProjects/webserver/HttpContext.cpp:262
HeaderState 0 -- /home/luochensama/CLionProjects/webserver/HttpContext.cpp:173
ConnectionState 0 -- /home/luochensama/CLionProjects/webserver/HttpContext.cpp:262
HeaderState 0 -- /home/luochensama/CLionProjects/webserver/HttpContext.cpp:173
ConnectionState 0 -- /home/luochensama/CLionProjects/webserver/HttpContext.cpp:262
HeaderState 0 -- /home/luochensama/CLionProjects/webserver/HttpContext.cpp:173
ConnectionState 0 -- /home/luochensama/CLionProjects/webserver/HttpContext.cpp:262
HeaderState 0 -- /home/luochensama/CLionProjects/webserver/HttpContext.cpp:173
ConnectionState 0 -- /home/luochensama/CLionProjects/webserver/HttpContext.cpp:262
HeaderState 0 -- /home/luochensama/CLionProjects/webserver/HttpContext.cpp:173
ConnectionState 0 -- /home/luochensama/CLionProjects/webserver/HttpContext.cpp:262
HeaderState 0 -- /home/luochensama/CLionProjects/webserver/HttpContext.cpp:173
ConnectionState 0 -- /home/luochensama/CLionProjects/webserver/HttpContext.cpp:262
HeaderState 0 -- /home/luochensama/CLionProjects/webserver/HttpContext.cpp:173
ConnectionState 0 -- /home/luochensama/CLionProjects/webserver/HttpContext.cpp:262
HeaderState 0 -- /home/luochensama/CLionProjects/webserver/HttpContext.cpp:173
ConnectionState 0 -- /home/luochensama/CLionProjects/webserver/HttpContext.cpp:262
HeaderState 0 -- /home/luochensama/CLionProjects/webserver/HttpContext.cpp:173
ConnectionState 0 -- /home/luochensama/CLionProjects/webserver/HttpContext.cpp:262
HeaderState 0 -- /home/luochensama/CLionProjects/webserver/HttpContext.cpp:173
ConnectionState 0 -- /home/luochensama/CLionProjects/webserver/HttpContext.cpp:262
HeaderState 0 -- /home/luochensama/CLionProjects/webserver/HttpContext.cpp:173
ConnectionState 0 -- /home/luochensama/CLionProjects/webserver/HttpContext.cpp:262
HeaderState 0 -- /home/luochensama/CLionProjects/webserver/HttpContext.cpp:173
ConnectionState 0 -- /home/luochensama/CLionProjects/webserver/HttpContext.cpp:262
HeaderState 0 -- /home/luochensama/CLionProjects/webserver/HttpContext.cpp:173
ConnectionState 0 -- /home/luochensama/CLionProjects/webserver/HttpContext.cpp:262
HeaderState 0 -- /home/luochensama/CLionProjects/webserver/HttpContext.cpp:173
ConnectionState 0 -- /home/luochensama/CLionProjects/webserver/HttpContext.cpp:262
HeaderState 0 -- /home/luochensama/CLionProjects/webserver/HttpContext.cpp:173
ConnectionState 0 -- /home/luochensama/CLionProjects/webserver/HttpContext.cpp:262
HeaderState 0 -- /home/luochensama/CLionProjects/webserver/HttpContext.cpp:173
ConnectionState 0 -- /home/luochensama/CLionProjects/webserver/HttpContext.cpp:262
HeaderState 0 -- /home/luochensama/CLionProjects/webserver/HttpContext.cpp:173
ConnectionState 0 -- /home/luochensama/CLionProjects/webserver/HttpContext.cpp:262
HeaderState 0 -- /home/luochensama/CLionProjects/webserver/HttpContext.cpp:173
ConnectionState 0 -- /home/luochensama/CLionProjects/webserver/HttpContext.cpp:262
HeaderState 0 -- /home/luochensama/CLionProjects/webserver/HttpContext.cpp:173
ConnectionState 0 -- /home/luochensama/CLionProjects/webserver/HttpContext.cpp:262
HeaderState 0 -- /home/luochensama/CLionProjects/webserver/HttpContext.cpp:173
ConnectionState 0 -- /home/luochensama/CLionProjects/webserver/HttpContext.cpp:262
HeaderState 0 -- /home/luochensama/CLionProjects/webserver/HttpContext.cpp:173
ConnectionState 0 -- /home/luochensama/CLionProjects/webserver/HttpContext.cpp:262
HeaderState 0 -- /home/luochensama/CLionProjects/webserver/HttpContext.cpp:173
ConnectionState 0 -- /home/luochensama/CLionProjects/webserver/HttpContext.cpp:262
HeaderState 0 -- /home/luochensama/CLionProjects/webserver/HttpContext.cpp:173
ConnectionState 0 -- /home/luochensama/CLionProjects/webserver/HttpContext.cpp:262
15 -- /home/luochensama/CLionProjects/webserver/Server.cpp:55
UriState 1 -- /home/luochensama/CLionProjects/webserver/HttpContext.cpp:159
FD = 15 receive error request!!!!!! -- /home/luochensama/CLionProjects/webserver/HttpContext.cpp:163
ConnectionState 2 -- /home/luochensama/CLionProjects/webserver/HttpContext.cpp:258
15 -- /home/luochensama/CLionProjects/webserver/Server.cpp:55
UriState 2 -- /home/luochensama/CLionProjects/webserver/HttpContext.cpp:159
HeaderState 0 -- /home/luochensama/CLionProjects/webserver/HttpContext.cpp:173
ConnectionState 0 -- /home/luochensama/CLionProjects/webserver/HttpContext.cpp:258
HeaderState 0 -- /home/luochensama/CLionProjects/webserver/HttpContext.cpp:173
ConnectionState 0 -- /home/luochensama/CLionProjects/webserver/HttpContext.cpp:258
HeaderState 0 -- /home/luochensama/CLionProjects/webserver/HttpContext.cpp:173
ConnectionState 0 -- /home/luochensama/CLionProjects/webserver/HttpContext.cpp:258
HeaderState 0 -- /home/luochensama/CLionProjects/webserver/HttpContext.cpp:173
ConnectionState 0 -- /home/luochensama/CLionProjects/webserver/HttpContext.cpp:258
15 -- /home/luochensama/CLionProjects/webserver/Server.cpp:55
17 -- /home/luochensama/CLionProjects/webserver/Server.cpp:55
UriState 2 -- /home/luochensama/CLionProjects/webserver/HttpContext.cpp:159
HeaderState 2 -- /home/luochensama/CLionProjects/webserver/HttpContext.cpp:173
AnalysisState 0 -- /home/luochensama/CLionProjects/webserver/HttpContext.cpp:200
ConnectionState 0 -- /home/luochensama/CLionProjects/webserver/HttpContext.cpp:258
